d:\myworkspace\github\other\gpu-gems-book-source-code\gpu-gems-2-cd-content\shading_lighting_and_shadows\ch_18_using_vertex_texture_displacement_for_realistic_water_rendering\debug\shader.bsc
d:\myworkspace\github\other\gpu-gems-book-source-code\gpu-gems-2-cd-content\shading_lighting_and_shadows\ch_18_using_vertex_texture_displacement_for_realistic_water_rendering\debug\vc142.pdb
d:\myworkspace\github\other\gpu-gems-book-source-code\gpu-gems-2-cd-content\shading_lighting_and_shadows\ch_18_using_vertex_texture_displacement_for_realistic_water_rendering\debug\vc142.idb
d:\myworkspace\github\other\gpu-gems-book-source-code\gpu-gems-2-cd-content\shading_lighting_and_shadows\ch_18_using_vertex_texture_displacement_for_realistic_water_rendering\debug\crenderer.sbr
d:\myworkspace\github\other\gpu-gems-book-source-code\gpu-gems-2-cd-content\shading_lighting_and_shadows\ch_18_using_vertex_texture_displacement_for_realistic_water_rendering\debug\main.sbr
d:\myworkspace\github\other\gpu-gems-book-source-code\gpu-gems-2-cd-content\shading_lighting_and_shadows\ch_18_using_vertex_texture_displacement_for_realistic_water_rendering\debug\main.obj
d:\myworkspace\github\other\gpu-gems-book-source-code\gpu-gems-2-cd-content\shading_lighting_and_shadows\ch_18_using_vertex_texture_displacement_for_realistic_water_rendering\debug\crenderer.obj
d:\myworkspace\github\other\gpu-gems-book-source-code\gpu-gems-2-cd-content\shading_lighting_and_shadows\ch_18_using_vertex_texture_displacement_for_realistic_water_rendering\debug\shader.ilk
d:\myworkspace\github\other\gpu-gems-book-source-code\gpu-gems-2-cd-content\shading_lighting_and_shadows\ch_18_using_vertex_texture_displacement_for_realistic_water_rendering\shader.exe
d:\myworkspace\github\other\gpu-gems-book-source-code\gpu-gems-2-cd-content\shading_lighting_and_shadows\ch_18_using_vertex_texture_displacement_for_realistic_water_rendering\debug\shader.map
d:\myworkspace\github\other\gpu-gems-book-source-code\gpu-gems-2-cd-content\shading_lighting_and_shadows\ch_18_using_vertex_texture_displacement_for_realistic_water_rendering\debug\shader.pdb
d:\myworkspace\github\other\gpu-gems-book-source-code\gpu-gems-2-cd-content\shading_lighting_and_shadows\ch_18_using_vertex_texture_displacement_for_realistic_water_rendering\debug\shader.tlog\bscmake.command.1.tlog
d:\myworkspace\github\other\gpu-gems-book-source-code\gpu-gems-2-cd-content\shading_lighting_and_shadows\ch_18_using_vertex_texture_displacement_for_realistic_water_rendering\debug\shader.tlog\bscmake.read.1.tlog
d:\myworkspace\github\other\gpu-gems-book-source-code\gpu-gems-2-cd-content\shading_lighting_and_shadows\ch_18_using_vertex_texture_displacement_for_realistic_water_rendering\debug\shader.tlog\bscmake.write.1.tlog
d:\myworkspace\github\other\gpu-gems-book-source-code\gpu-gems-2-cd-content\shading_lighting_and_shadows\ch_18_using_vertex_texture_displacement_for_realistic_water_rendering\debug\shader.tlog\cl.command.1.tlog
d:\myworkspace\github\other\gpu-gems-book-source-code\gpu-gems-2-cd-content\shading_lighting_and_shadows\ch_18_using_vertex_texture_displacement_for_realistic_water_rendering\debug\shader.tlog\cl.read.1.tlog
d:\myworkspace\github\other\gpu-gems-book-source-code\gpu-gems-2-cd-content\shading_lighting_and_shadows\ch_18_using_vertex_texture_displacement_for_realistic_water_rendering\debug\shader.tlog\cl.write.1.tlog
d:\myworkspace\github\other\gpu-gems-book-source-code\gpu-gems-2-cd-content\shading_lighting_and_shadows\ch_18_using_vertex_texture_displacement_for_realistic_water_rendering\debug\shader.tlog\link.command.1.tlog
d:\myworkspace\github\other\gpu-gems-book-source-code\gpu-gems-2-cd-content\shading_lighting_and_shadows\ch_18_using_vertex_texture_displacement_for_realistic_water_rendering\debug\shader.tlog\link.read.1.tlog
d:\myworkspace\github\other\gpu-gems-book-source-code\gpu-gems-2-cd-content\shading_lighting_and_shadows\ch_18_using_vertex_texture_displacement_for_realistic_water_rendering\debug\shader.tlog\link.write.1.tlog
